<?xml version="1.0" encoding="UTF-8"?>
<testsuite xmlns:xsi="http://www.w3.org/2001/XMLSchema-instance" xsi:noNamespaceSchemaLocation="https://maven.apache.org/surefire/maven-surefire-plugin/xsd/surefire-test-report-3.0.xsd" version="3.0" name="com.assessment.chatsystem.ChatSystemApplicationTests" time="1.99" tests="1" errors="0" skipped="0" failures="0">
  <properties>
[...]
</properties>
  <testcase name="contextLoads" classname="com.assessment.chatsystem.ChatSystemApplicationTests" time="0.397">
    <system-out><![CDATA[19:38:25.234 [main] INFO org.springframework.test.context.support.AnnotationConfigContextLoaderUtils -- Could not detect default configuration classes for test class [com.assessment.chatsystem.ChatSystemApplicationTests]: ChatSystemApplicationTests does not declare any static, non-private, non-final, nested classes annotated with @Configuration.
19:38:25.275 [main] INFO org.springframework.boot.test.context.SpringBootTestContextBootstrapper -- Found @SpringBootConfiguration com.assessment.chatsystem.ChatSystemApplication for test class com.assessment.chatsystem.ChatSystemApplicationTests

  .   ____          _            __ _ _
 /\\ / ___'_ __ _ _(_)_ __  __ _ \ \ \ \
( ( )\___ | '_ | '_| | '_ \/ _` | \ \ \ \
 \\/  ___)| |_)| | | | | || (_| |  ) ) ) )
  '  |____| .__|_| |_|_| |_\__, | / / / /
 =========|_|==============|___/=/_/_/_/
 :: Spring Boot ::                (v3.2.5)

2024-04-26T19:38:25.436+04:00  INFO 15928 --- [chat-service-system] [           main] c.a.c.ChatSystemApplicationTests         : Starting ChatSystemApplicationTests using Java 21.0.1 with PID 15928 (started by liliannedeguia in /Users/liliannedeguia/Desktop/Lili Projects/java_projects/chat-system)
2024-04-26T19:38:25.437+04:00  INFO 15928 --- [chat-service-system] [           main] c.a.c.ChatSystemApplicationTests         : No active profile set, falling back to 1 default profile: "default"
2024-04-26T19:38:25.690+04:00  INFO 15928 --- [chat-service-system] [           main] .s.d.r.c.RepositoryConfigurationDelegate : Bootstrapping Spring Data JPA repositories in DEFAULT mode.
2024-04-26T19:38:25.697+04:00  INFO 15928 --- [chat-service-system] [           main] .s.d.r.c.RepositoryConfigurationDelegate : Finished Spring Data repository scanning in 4 ms. Found 0 JPA repository interfaces.
2024-04-26T19:38:25.873+04:00  INFO 15928 --- [chat-service-system] [           main] com.zaxxer.hikari.HikariDataSource       : HikariPool-1 - Starting...
2024-04-26T19:38:25.979+04:00  INFO 15928 --- [chat-service-system] [           main] com.zaxxer.hikari.pool.HikariPool        : HikariPool-1 - Added connection org.postgresql.jdbc.PgConnection@34451ed8
2024-04-26T19:38:25.980+04:00  INFO 15928 --- [chat-service-system] [           main] com.zaxxer.hikari.HikariDataSource       : HikariPool-1 - Start completed.
2024-04-26T19:38:26.013+04:00  INFO 15928 --- [chat-service-system] [           main] o.f.c.internal.license.VersionPrinter    : Flyway Community Edition 9.22.3 by Redgate
2024-04-26T19:38:26.013+04:00  INFO 15928 --- [chat-service-system] [           main] o.f.c.internal.license.VersionPrinter    : See release notes here: https://rd.gt/416ObMi
2024-04-26T19:38:26.013+04:00  INFO 15928 --- [chat-service-system] [           main] o.f.c.internal.license.VersionPrinter    : 
2024-04-26T19:38:26.018+04:00  INFO 15928 --- [chat-service-system] [           main] org.flywaydb.core.FlywayExecutor         : Database: jdbc:postgresql://localhost:5432/chatdb (PostgreSQL 16.0)
2024-04-26T19:38:26.021+04:00  WARN 15928 --- [chat-service-system] [           main] o.f.c.internal.database.base.Database    : Flyway upgrade recommended: PostgreSQL 16.0 is newer than this version of Flyway and support has not been tested. The latest supported version of PostgreSQL is 15.
2024-04-26T19:38:26.034+04:00  INFO 15928 --- [chat-service-system] [           main] o.f.core.internal.command.DbValidate     : Successfully validated 1 migration (execution time 00:00.008s)
2024-04-26T19:38:26.067+04:00  INFO 15928 --- [chat-service-system] [           main] o.f.core.internal.command.DbMigrate      : Current version of schema "public": << Empty Schema >>
2024-04-26T19:38:26.072+04:00  INFO 15928 --- [chat-service-system] [           main] o.f.core.internal.command.DbMigrate      : Migrating schema "public" to version "1.0 - Initial Schema"
2024-04-26T19:38:26.105+04:00  INFO 15928 --- [chat-service-system] [           main] o.f.core.internal.command.DbMigrate      : Successfully applied 1 migration to schema "public", now at version v1.0 (execution time 00:00.024s)
2024-04-26T19:38:26.152+04:00  INFO 15928 --- [chat-service-system] [           main] o.hibernate.jpa.internal.util.LogHelper  : HHH000204: Processing PersistenceUnitInfo [name: default]
2024-04-26T19:38:26.185+04:00  INFO 15928 --- [chat-service-system] [           main] org.hibernate.Version                    : HHH000412: Hibernate ORM core version 6.4.4.Final
2024-04-26T19:38:26.200+04:00  INFO 15928 --- [chat-service-system] [           main] o.h.c.internal.RegionFactoryInitiator    : HHH000026: Second-level cache disabled
2024-04-26T19:38:26.288+04:00  INFO 15928 --- [chat-service-system] [           main] o.s.o.j.p.SpringPersistenceUnitInfo      : No LoadTimeWeaver setup: ignoring JPA class transformer
2024-04-26T19:38:26.439+04:00  INFO 15928 --- [chat-service-system] [           main] o.h.e.t.j.p.i.JtaPlatformInitiator       : HHH000489: No JTA platform available (set 'hibernate.transaction.jta.platform' to enable JTA platform integration)
2024-04-26T19:38:26.441+04:00  INFO 15928 --- [chat-service-system] [           main] j.LocalContainerEntityManagerFactoryBean : Initialized JPA EntityManagerFactory for persistence unit 'default'
2024-04-26T19:38:26.497+04:00  WARN 15928 --- [chat-service-system] [           main] JpaBaseConfiguration$JpaWebConfiguration : spring.jpa.open-in-view is enabled by default. Therefore, database queries may be performed during view rendering. Explicitly configure spring.jpa.open-in-view to disable this warning
2024-04-26T19:38:26.671+04:00  WARN 15928 --- [chat-service-system] [           main] .s.s.UserDetailsServiceAutoConfiguration : 

Using generated security password: 5d2e0e35-64ba-4fb9-a950-62f09f48f971

This generated password is for development use only. Your security configuration must be updated before running your application in production.

2024-04-26T19:38:26.714+04:00  INFO 15928 --- [chat-service-system] [           main] o.s.s.web.DefaultSecurityFilterChain     : Will secure any request with [org.springframework.security.web.session.DisableEncodeUrlFilter@125124ea, org.springframework.security.web.context.request.async.WebAsyncManagerIntegrationFilter@314c6f89, org.springframework.security.web.context.SecurityContextHolderFilter@5c7e55a4, org.springframework.security.web.header.HeaderWriterFilter@a6a2c20, org.springframework.web.filter.CorsFilter@31450fc0, org.springframework.security.web.csrf.CsrfFilter@21579b35, org.springframework.security.web.authentication.logout.LogoutFilter@2de96eba, org.springframework.security.web.authentication.UsernamePasswordAuthenticationFilter@4d3990a5, org.springframework.security.web.authentication.ui.DefaultLoginPageGeneratingFilter@48d464cf, org.springframework.security.web.authentication.ui.DefaultLogoutPageGeneratingFilter@52b30dcd, org.springframework.security.web.authentication.www.BasicAuthenticationFilter@270097ce, org.springframework.security.web.savedrequest.RequestCacheAwareFilter@7d0df326, org.springframework.security.web.servletapi.SecurityContextHolderAwareRequestFilter@43f7f48d, org.springframework.security.web.authentication.AnonymousAuthenticationFilter@49de1505, org.springframework.security.web.access.ExceptionTranslationFilter@6c4786af, org.springframework.security.web.access.intercept.AuthorizationFilter@39109603]
2024-04-26T19:38:26.739+04:00  INFO 15928 --- [chat-service-system] [           main] c.a.c.ChatSystemApplicationTests         : Started ChatSystemApplicationTests in 1.409 seconds (process running for 1.815)
]]></system-out>
    <system-err><![CDATA[WARNING: A Java agent has been loaded dynamically (/Users/liliannedeguia/.m2/repository/net/bytebuddy/byte-buddy-agent/1.14.13/byte-buddy-agent-1.14.13.jar)
WARNING: If a serviceability tool is in use, please run with -XX:+EnableDynamicAgentLoading to hide this warning
WARNING: If a serviceability tool is not in use, please run with -Djdk.instrument.traceUsage for more information
WARNING: Dynamic loading of agents will be disallowed by default in a future release
]]></system-err>
  </testcase>
</testsuite>