<?xml version="1.0" encoding="UTF-8"?>
<testsuite xmlns:xsi="http://www.w3.org/2001/XMLSchema-instance" xsi:noNamespaceSchemaLocation="https://maven.apache.org/surefire/maven-surefire-plugin/xsd/surefire-test-report-3.0.xsd" version="3.0" name="com.assessment.chatsystem.ChatSystemApplicationTests" time="2.051" tests="1" errors="0" skipped="0" failures="0">
  <properties>
[...]
</properties>
  <testcase name="contextLoads" classname="com.assessment.chatsystem.ChatSystemApplicationTests" time="0.002">
    <system-out><![CDATA[2024-05-03T11:37:45.352+04:00  INFO 6226 --- [chat-server-system] [           main] t.c.s.AnnotationConfigContextLoaderUtils : Could not detect default configuration classes for test class [com.assessment.chatsystem.ChatSystemApplicationTests]: ChatSystemApplicationTests does not declare any static, non-private, non-final, nested classes annotated with @Configuration.
2024-05-03T11:37:45.356+04:00  INFO 6226 --- [chat-server-system] [           main] .b.t.c.SpringBootTestContextBootstrapper : Found @SpringBootConfiguration com.assessment.chatsystem.ChatSystemApplication for test class com.assessment.chatsystem.ChatSystemApplicationTests

  .   ____          _            __ _ _
 /\\ / ___'_ __ _ _(_)_ __  __ _ \ \ \ \
( ( )\___ | '_ | '_| | '_ \/ _` | \ \ \ \
 \\/  ___)| |_)| | | | | || (_| |  ) ) ) )
  '  |____| .__|_| |_|_| |_\__, | / / / /
 =========|_|==============|___/=/_/_/_/
 :: Spring Boot ::                (v3.2.5)

2024-05-03T11:37:45.368+04:00  INFO 6226 --- [chat-server-system] [           main] c.a.c.ChatSystemApplicationTests         : Starting ChatSystemApplicationTests using Java 21.0.1 with PID 6226 (started by liliannedeguia in /Users/liliannedeguia/Desktop/Lili Projects/java_projects/chat-system)
2024-05-03T11:37:45.368+04:00  INFO 6226 --- [chat-server-system] [           main] c.a.c.ChatSystemApplicationTests         : No active profile set, falling back to 1 default profile: "default"
2024-05-03T11:37:45.564+04:00  INFO 6226 --- [chat-server-system] [           main] .s.d.r.c.RepositoryConfigurationDelegate : Bootstrapping Spring Data JPA repositories in DEFAULT mode.
2024-05-03T11:37:45.588+04:00  INFO 6226 --- [chat-server-system] [           main] .s.d.r.c.RepositoryConfigurationDelegate : Finished Spring Data repository scanning in 20 ms. Found 2 JPA repository interfaces.
2024-05-03T11:37:45.735+04:00  INFO 6226 --- [chat-server-system] [           main] com.zaxxer.hikari.HikariDataSource       : HikariPool-1 - Starting...
2024-05-03T11:37:45.975+04:00  INFO 6226 --- [chat-server-system] [           main] com.zaxxer.hikari.pool.HikariPool        : HikariPool-1 - Added connection org.postgresql.jdbc.PgConnection@643b983a
2024-05-03T11:37:45.976+04:00  INFO 6226 --- [chat-server-system] [           main] com.zaxxer.hikari.HikariDataSource       : HikariPool-1 - Start completed.
2024-05-03T11:37:46.038+04:00  INFO 6226 --- [chat-server-system] [           main] o.f.c.internal.license.VersionPrinter    : Flyway Community Edition 9.22.3 by Redgate
2024-05-03T11:37:46.038+04:00  INFO 6226 --- [chat-server-system] [           main] o.f.c.internal.license.VersionPrinter    : See release notes here: https://rd.gt/416ObMi
2024-05-03T11:37:46.038+04:00  INFO 6226 --- [chat-server-system] [           main] o.f.c.internal.license.VersionPrinter    : 
2024-05-03T11:37:46.048+04:00  INFO 6226 --- [chat-server-system] [           main] org.flywaydb.core.FlywayExecutor         : Database: jdbc:postgresql://localhost:5432/chatdb (PostgreSQL 16.0)
2024-05-03T11:37:46.064+04:00  WARN 6226 --- [chat-server-system] [           main] o.f.c.internal.database.base.Database    : Flyway upgrade recommended: PostgreSQL 16.0 is newer than this version of Flyway and support has not been tested. The latest supported version of PostgreSQL is 15.
2024-05-03T11:37:46.093+04:00  INFO 6226 --- [chat-server-system] [           main] o.f.core.internal.command.DbValidate     : Successfully validated 2 migrations (execution time 00:00.019s)
2024-05-03T11:37:46.119+04:00  INFO 6226 --- [chat-server-system] [           main] o.f.core.internal.command.DbMigrate      : Current version of schema "public": 2024.04.27.0001
2024-05-03T11:37:46.120+04:00  INFO 6226 --- [chat-server-system] [           main] o.f.core.internal.command.DbMigrate      : Schema "public" is up to date. No migration necessary.
2024-05-03T11:37:46.176+04:00  INFO 6226 --- [chat-server-system] [           main] o.hibernate.jpa.internal.util.LogHelper  : HHH000204: Processing PersistenceUnitInfo [name: default]
2024-05-03T11:37:46.229+04:00  INFO 6226 --- [chat-server-system] [           main] org.hibernate.Version                    : HHH000412: Hibernate ORM core version 6.4.4.Final
2024-05-03T11:37:46.253+04:00  INFO 6226 --- [chat-server-system] [           main] o.h.c.internal.RegionFactoryInitiator    : HHH000026: Second-level cache disabled
2024-05-03T11:37:46.329+04:00  INFO 6226 --- [chat-server-system] [           main] o.s.o.j.p.SpringPersistenceUnitInfo      : No LoadTimeWeaver setup: ignoring JPA class transformer
2024-05-03T11:37:46.838+04:00  INFO 6226 --- [chat-server-system] [           main] o.h.e.t.j.p.i.JtaPlatformInitiator       : HHH000489: No JTA platform available (set 'hibernate.transaction.jta.platform' to enable JTA platform integration)
2024-05-03T11:37:46.839+04:00  INFO 6226 --- [chat-server-system] [           main] j.LocalContainerEntityManagerFactoryBean : Initialized JPA EntityManagerFactory for persistence unit 'default'
2024-05-03T11:37:47.045+04:00  WARN 6226 --- [chat-server-system] [           main] JpaBaseConfiguration$JpaWebConfiguration : spring.jpa.open-in-view is enabled by default. Therefore, database queries may be performed during view rendering. Explicitly configure spring.jpa.open-in-view to disable this warning
2024-05-03T11:37:47.236+04:00  INFO 6226 --- [chat-server-system] [           main] o.s.b.a.w.s.WelcomePageHandlerMapping    : Adding welcome page: class path resource [static/index.html]
2024-05-03T11:37:47.271+04:00  INFO 6226 --- [chat-server-system] [           main] o.s.s.web.DefaultSecurityFilterChain     : Will secure any request with [org.springframework.security.web.session.DisableEncodeUrlFilter@75273bae, org.springframework.security.web.context.request.async.WebAsyncManagerIntegrationFilter@5b343fc0, org.springframework.security.web.context.SecurityContextHolderFilter@5b7437a8, org.springframework.security.web.header.HeaderWriterFilter@6561e48, org.springframework.web.filter.CorsFilter@42f183d1, org.springframework.security.web.authentication.logout.LogoutFilter@3d63158f, org.springframework.security.web.authentication.UsernamePasswordAuthenticationFilter@1c6ebece, org.springframework.security.web.authentication.ui.DefaultLoginPageGeneratingFilter@70164894, org.springframework.security.web.authentication.ui.DefaultLogoutPageGeneratingFilter@2b80cd8f, org.springframework.security.web.authentication.www.BasicAuthenticationFilter@39041b0c, org.springframework.security.web.savedrequest.RequestCacheAwareFilter@78d9f50f, org.springframework.security.web.servletapi.SecurityContextHolderAwareRequestFilter@4604aa42, org.springframework.security.web.authentication.AnonymousAuthenticationFilter@6736791a, org.springframework.security.web.access.ExceptionTranslationFilter@5ebc0bf5, org.springframework.security.web.access.intercept.AuthorizationFilter@1c465f7d]
2024-05-03T11:37:47.395+04:00  INFO 6226 --- [chat-server-system] [           main] o.s.m.s.b.SimpleBrokerMessageHandler     : Starting...
2024-05-03T11:37:47.396+04:00  INFO 6226 --- [chat-server-system] [           main] o.s.m.s.b.SimpleBrokerMessageHandler     : BrokerAvailabilityEvent[available=true, SimpleBrokerMessageHandler [org.springframework.messaging.simp.broker.DefaultSubscriptionRegistry@4adb7932]]
2024-05-03T11:37:47.397+04:00  INFO 6226 --- [chat-server-system] [           main] o.s.m.s.b.SimpleBrokerMessageHandler     : Started.
2024-05-03T11:37:47.399+04:00  INFO 6226 --- [chat-server-system] [           main] c.a.c.ChatSystemApplicationTests         : Started ChatSystemApplicationTests in 2.041 seconds (process running for 4.737)
]]></system-out>
  </testcase>
</testsuite>